0
2555395.065886111
1
2487044.3089445643
2
2461939.251720222
3
2449031.4225328513
4
2439416.4989634077
5
2429096.624193795
6
2419561.2962127137
7
2411986.126616755
8
2403624.988170151
9
2391417.443780645
10
2376286.997470239
11
2364567.63532481
12
2359379.4137608735
13
2357052.1420052755
14
2355664.616536453
15
2354774.690095734
16
2354175.8480944172
17
2353785.7943862756
18
2353545.5965670273
19
2353407.0588157517
20
2353337.143851652
21
2353299.3633636804
22
2353274.6720025875
23
2353261.6266411548
24
2353251.280095921
25
2353244.855640113
26
2353240.487157238
27
2353236.101073204
28
2353232.4093259564
29
2353229.7093577087
30
2353227.4842531458
31
2353225.561128645
32
2353224.0302877976
33
2353222.77243567
34
2353221.110501867
35
2353219.587276917
36
2353218.333649869
37
2353217.9042808716
38
2353217.721150693
39
2353217.504848559
40
2353217.31221662
41
2353217.179871408
42
2353217.1047636815
43
2353217.0532671562
44
2353217.0212742537
45
2353216.986437122
46
2353216.9559243033
47
2353216.9155792524
48
2353216.882096767
49
2353216.8730023555
50
2353216.864159535
51
2353216.864159535
0
2978728.265525912
1
2967149.8762363764
2
2964565.5025656098
3
2963336.293476496
4
2962606.6380347707
5
2962051.371228586
6
2961665.6541096442
7
2961392.669199628
8
2961186.821222349
9
2961048.9841317814
10
2960961.9788418165
11
2960905.603456432
12
2960862.4961063173
13
2960831.9884198327
14
2960811.8899501134
15
2960797.5941940825
16
2960789.369604976
17
2960785.026405416
18
2960783.293349877
19
2960782.217870908
20
2960781.7904196773
21
2960781.5017381054
22
2960781.1282489994
23
2960780.856301657
24
2960780.7008860623
25
2960780.5455381004
26
2960780.4490086916
27
2960780.401931949
28
2960780.363131414
29
2960780.3587619313
30
2960780.3587619313
0
2843037.678067344
1
2780399.21100613
2
2757999.811063696
3
2743265.3987754304
4
2732140.9375804146
5
2724720.780191752
6
2719082.6301638316
7
2714819.4564014724
8
2711828.3653991106
9
2709768.4372916617
10
2708499.019143032
11
2707873.619578829
12
2707561.3774798443
13
2707404.4548924062
14
2707324.6467544106
15
2707287.165834906
16
2707268.6050900086
17
2707261.746295993
18
2707258.5322795357
19
2707255.7629645034
20
2707253.31444131
21
2707251.547973908
22
2707250.2972600413
23
2707249.210732561
24
2707248.021185053
25
2707246.888875408
26
2707246.0560767483
27
2707245.698188597
28
2707245.567586443
29
2707245.4293247354
30
2707245.274431849
31
2707245.1394280274
32
2707245.07176397
33
2707244.831456306
34
2707244.5967113585
35
2707244.297523105
36
2707244.0271600084
37
2707243.7674215385
38
2707243.669182152
39
2707243.603007664
40
2707243.50194477
41
2707243.3892684337
42
2707243.309487091
43
2707243.212276975
44
2707243.112942525
45
2707243.063192812
46
2707243.053317366
47
2707243.04831743
48
2707243.04831743
0
2590876.9109905222
1
2516362.1214495245
2
2490706.0965037984
3
2479679.7911189245
4
2473866.4971831576
5
2470302.239517622
6
2468124.7107264763
7
2466489.2372841127
8
2465273.6893932032
9
2464263.6704382813
10
2463396.021596569
11
2462695.7736840807
12
2462120.2243674104
13
2461587.851224113
14
2461007.6683058725
15
2460342.0893194284
16
2459563.8837471628
17
2458727.812139368
18
2457599.9431676804
19
2455948.397228664
20
2453840.545591606
21
2451603.5112854554
22
2449422.3432669532
23
2447625.907764202
24
2446394.413783686
25
2445488.373055123
26
2444820.399014036
27
2444271.411620337
28
2443908.0453310637
29
2443650.7149453587
30
2443360.76751078
31
2443082.165390704
32
2442803.6601241063
33
2442463.1935812607
34
2441966.316428699
35
2441175.6877045454
36
2440172.1102182176
37
2439103.8449714687
38
2437936.6319750315
39
2436855.3860195954
40
2435774.2094629807
41
2434857.592602119
42
2434190.07977784
43
2433631.4983770903
44
2433247.656601627
45
2432983.2838335643
46
2432815.0834300797
47
2432701.9951838814
48
2432620.8142296565
49
2432558.498028576
50
2432512.2698797616
51
2432475.6807197765
52
2432452.1398473443
53
2432438.2235335372
54
2432428.4683511294
55
2432420.869379599
56
2432413.4559516907
57
2432408.372397964
58
2432404.7762331367
59
2432402.1333633135
60
2432400.6696487116
61
2432400.104581266
62
2432399.7573174643
63
2432399.562531166
64
2432399.3346686005
65
2432398.9630157026
66
2432398.3023951803
67
2432397.708928767
68
2432396.764835786
69
2432395.727303046
70
2432395.0355044925
71
2432394.691516891
72
2432394.480060125
73
2432394.29808717
74
2432394.233916779
75
2432394.19487439
76
2432394.181608454
77
2432394.1712903245
78
2432394.1712903245
0
2380587.9504382815
1
2294103.0725926636
2
2252047.7563032266
3
2229963.69125468
4
2218114.2602717923
5
2210566.202476358
6
2205790.4145391737
7
2202407.1800841624
8
2199294.2274635737
9
2196367.7782829646
10
2194156.017156531
11
2192769.9531947793
12
2191903.0027706344
13
2191344.0750750424
14
2190929.5794392447
15
2190617.8091826607
16
2190325.080540851
17
2190067.8597817984
18
2189849.7180987126
19
2189661.134752048
20
2189497.0087385424
21
2189366.587669449
22
2189254.9048885
23
2189160.536976362
24
2189084.920385066
25
2189018.0388308237
26
2188952.6644713236
27
2188898.332322572
28
2188863.6354437573
29
2188844.851132177
30
2188833.7761829877
31
2188824.77325285
32
2188817.623077462
33
2188810.405140916
34
2188805.131197859
35
2188801.350779729
36
2188798.7367157103
37
2188796.5786096873
38
2188795.3308877335
39
2188794.0131167974
40
2188792.9655604437
41
2188792.153272191
42
2188791.5488258386
43
2188790.7641262496
44
2188790.0985638928
45
2188789.729888569
46
2188789.4852101263
47
2188789.243497542
48
2188789.1036274056
49
2188789.046007629
50
2188788.933568533
51
2188788.875511053
52
2188788.790689196
53
2188788.64229534
54
2188788.410439258
55
2188788.2057082285
56
2188788.172863141
57
2188788.1351929726
58
2188788.0749111595
59
2188788.029817495
60
2188788.029817495
0
2147562.425292049
1
2064175.475262804
2
2036324.6648098286
3
2019566.4497815093
4
2008355.4227561387
5
2001527.1255964157
6
1996834.28379403
7
1993452.8206433502
8
1990926.9989542814
9
1989104.1183802688
10
1987909.9277631736
11
1986904.6696205246
12
1985944.422838663
13
1984980.6737536055
14
1983994.6685371362
15
1982978.0729344357
16
1982178.504159033
17
1981517.330671314
18
1980983.2396938931
19
1980478.2757547551
20
1980032.5721531191
21
1979654.2921769153
22
1979314.8444382933
23
1978970.1927900382
24
1978657.0119753683
25
1978402.2776116095
26
1978191.8589450892
27
1978033.764252457
28
1977907.2960016502
29
1977794.6556175072
30
1977683.5309388516
31
1977584.762433743
32
1977490.5343178676
33
1977409.9880115793
34
1977328.9600045893
35
1977243.0165733872
36
1977158.3788380385
37
1977075.6233464533
38
1977003.280017131
39
1976935.0080775982
40
1976878.673299588
41
1976824.455475457
42
1976767.8004707783
43
1976715.6571338684
44
1976666.0927958472
45
1976611.7321897512
46
1976571.8415661897
47
1976541.771381117
48
1976512.3963640751
49
1976482.8553266479
50
1976448.750911579
51
1976416.712988667
52
1976392.731581263
53
1976364.620248843
54
1976339.4233822534
55
1976314.1944510066
56
1976289.1842864729
57
1976262.4376514538
58
1976226.9339771648
59
1976187.736019501
60
1976140.3168602462
61
1976081.7671231413
62
1976018.4132520913
63
1975958.3297863086
64
1975893.918143127
65
1975805.0939031686
66
1975709.0809909974
67
1975608.386421777
68
1975509.4055554282
69
1975402.9424723857
70
1975291.814841325
71
1975164.2728435611
72
1975031.7280865046
73
1974874.4866923543
74
1974752.7768954942
75
1974647.0167506898
76
1974550.9199530703
77
1974460.605200943
78
1974376.0031252601
79
1974316.3599627917
80
1974254.3084339227
81
1974199.6137481485
82
1974147.9505725068
83
1974100.9151235528
84
1974057.7892185538
85
1974017.1884237565
86
1973988.8740072062
87
1973961.132393145
88
1973939.8816776616
89
1973920.3941377727
90
1973901.9133508184
91
1973888.340094565
92
1973878.350471712
93
1973870.969963334
94
1973863.503645612
95
1973855.4817087685
96
1973848.5849697448
97
1973843.6737684957
98
1973838.7403409565
99
1973834.555306612
100
1973831.0313866278
101
1973827.1214256752
102
1973824.417063628
103
1973823.085121999
104
1973821.760964215
105
1973820.191910876
106
1973819.3523503905
107
1973818.4959860344
108
1973817.9379807652
109
1973817.4926884181
110
1973817.0492361872
111
1973816.1747690928
112
1973815.0466891306
113
1973814.5352402164
114
1973814.318350637
115
1973814.1056277938
116
1973813.9307784976
117
1973813.9307784976
0
1945915.2416130942
1
1872057.62212221
2
1843799.0705949923
3
1830571.959817786
4
1823888.6629694963
5
1819786.979535448
6
1816899.5876688368
7
1814561.8222607423
8
1812861.4722658345
9
1811513.7034794935
10
1810367.741592485
11
1809203.6214004313
12
1807897.8370002878
13
1806655.6987504044
14
1805509.1064509626
15
1804519.9264512754
16
1803652.378879679
17
1802902.5728663227
18
1802358.7702192552
19
1801888.207978083
20
1801526.9095509823
21
1801238.335855447
22
1800946.3314080767
23
1800655.2972503752
24
1800406.8700316183
25
1800181.2209688511
26
1799964.2550616642
27
1799730.4285042568
28
1799521.0307209059
29
1799332.2687639268
30
1799125.619570559
31
1798930.8619028379
32
1798742.6948347075
33
1798548.8932723892
34
1798348.8049006418
35
1798146.9204804334
36
1797928.8993692289
37
1797721.6924834645
38
1797538.484551213
39
1797358.35779421
40
1797193.3420841354
41
1797066.5570809534
42
1796951.1965823795
43
1796844.5022483359
44
1796760.0232216716
45
1796695.8064383378
46
1796644.233919822
47
1796602.1471212679
48
1796555.5147643469
49
1796503.776062489
50
1796451.2886174435
51
1796397.3214136097
52
1796340.9099990018
53
1796275.3105379127
54
1796192.5211014382
55
1796106.4065303425
56
1796018.2602346542
57
1795914.8072976659
58
1795822.9031197538
59
1795723.6371372011
60
1795620.1480985307
61
1795515.835366589
62
1795433.7278485768
63
1795365.2737115398
64
1795283.4781156199
65
1795204.6178264904
66
1795142.5349581128
67
1795103.986748592
68
1795066.8337911263
69
1795037.6958823034
70
1795006.7589700213
71
1794977.694652063
72
1794953.9017001917
73
1794933.1113552598
74
1794918.2364820754
75
1794905.8384530412
76
1794891.3966846499
77
1794877.5084160524
78
1794864.1796120577
79
1794853.97343535
80
1794842.3778571812
81
1794830.2138408448
82
1794818.6630048777
83
1794806.8898586002
84
1794794.4510312455
85
1794784.970518233
86
1794774.6677042504
87
1794766.756116561
88
1794760.8771555594
89
1794755.5417188294
90
1794750.014356946
91
1794744.8959138764
92
1794739.8844071887
93
1794733.8989217738
94
1794728.1737573408
95
1794721.7572453555
96
1794715.8478215975
97
1794711.7468756943
98
1794708.9281878679
99
1794707.009116048
100
1794705.6700187179
101
1794704.9257218062
102
1794704.7192712224
103
1794704.6546073882
104
1794704.2989061982
105
1794703.695336568
106
1794703.3697402142
107
1794703.0814575374
108
1794702.8943413484
109
1794702.8294713486
110
1794702.8294713486
